<?xml version="1.0" encoding="UTF-8"?>
<testng-results ignored="40" total="114" passed="73" failed="1" skipped="0">
  <reporter-output>
  </reporter-output>
  <suite started-at="2024-08-06T14:44:22 IST" name="Suite" finished-at="2024-08-06T14:57:09 IST" duration-ms="767849">
    <groups>
    </groups>
    <test started-at="2024-08-06T14:44:22 IST" name="Test" finished-at="2024-08-06T14:57:09 IST" duration-ms="767849">
      <class name="mentor.FamilyMember">
        <test-method signature="action()[pri:0, instance:mentor.FamilyMember@32c4e8b2]" started-at="2024-08-06T14:47:56 IST" name="action" finished-at="2024-08-06T14:48:05 IST" duration-ms="9162" status="PASS">
          <reporter-output>
          </reporter-output>
        </test-method> <!-- action -->
        <test-method signature="viewButton()[pri:0, instance:mentor.FamilyMember@32c4e8b2]" started-at="2024-08-06T14:48:05 IST" name="viewButton" finished-at="2024-08-06T14:48:43 IST" duration-ms="38650" status="PASS">
          <reporter-output>
          </reporter-output>
        </test-method> <!-- viewButton -->
        <test-method signature="student()[pri:0, instance:mentor.FamilyMember@32c4e8b2]" started-at="2024-08-06T14:48:43 IST" name="student" finished-at="2024-08-06T14:48:53 IST" duration-ms="9552" status="PASS">
          <reporter-output>
          </reporter-output>
        </test-method> <!-- student -->
        <test-method signature="area()[pri:0, instance:mentor.FamilyMember@32c4e8b2]" started-at="2024-08-06T14:48:53 IST" name="area" finished-at="2024-08-06T14:49:05 IST" duration-ms="12292" status="PASS">
          <reporter-output>
          </reporter-output>
        </test-method> <!-- area -->
        <test-method signature="search2()[pri:0, instance:mentor.FamilyMember@32c4e8b2]" started-at="2024-08-06T14:49:05 IST" name="search2" finished-at="2024-08-06T14:49:18 IST" duration-ms="12340" status="PASS">
          <reporter-output>
          </reporter-output>
        </test-method> <!-- search2 -->
        <test-method signature="download2()[pri:0, instance:mentor.FamilyMember@32c4e8b2]" started-at="2024-08-06T14:49:18 IST" name="download2" finished-at="2024-08-06T14:49:21 IST" duration-ms="3090" status="PASS">
          <reporter-output>
          </reporter-output>
        </test-method> <!-- download2 -->
      </class> <!-- mentor.FamilyMember -->
      <class name="mentor.VisitModule">
        <test-method signature="move()[pri:0, instance:mentor.VisitModule@764faa6]" started-at="2024-08-06T14:50:44 IST" name="move" finished-at="2024-08-06T14:50:47 IST" duration-ms="2210" status="PASS">
          <reporter-output>
          </reporter-output>
        </test-method> <!-- move -->
        <test-method signature="calendarwithCancelbutton()[pri:0, instance:mentor.VisitModule@764faa6]" started-at="2024-08-06T14:50:47 IST" name="calendarwithCancelbutton" finished-at="2024-08-06T14:51:07 IST" duration-ms="20585" status="PASS">
          <reporter-output>
          </reporter-output>
        </test-method> <!-- calendarwithCancelbutton -->
        <test-method signature="calendarwithOkbutton()[pri:0, instance:mentor.VisitModule@764faa6]" started-at="2024-08-06T14:51:07 IST" name="calendarwithOkbutton" finished-at="2024-08-06T14:51:25 IST" duration-ms="17587" status="PASS">
          <reporter-output>
          </reporter-output>
        </test-method> <!-- calendarwithOkbutton -->
        <test-method signature="prof()[pri:0, instance:mentor.VisitModule@764faa6]" started-at="2024-08-06T14:51:25 IST" name="prof" finished-at="2024-08-06T14:51:33 IST" duration-ms="8212" status="PASS">
          <reporter-output>
          </reporter-output>
        </test-method> <!-- prof -->
        <test-method signature="visit()[pri:0, instance:mentor.VisitModule@764faa6]" started-at="2024-08-06T14:51:33 IST" name="visit" finished-at="2024-08-06T14:51:39 IST" duration-ms="6214" status="PASS">
          <reporter-output>
          </reporter-output>
        </test-method> <!-- visit -->
        <test-method signature="visitStatus()[pri:0, instance:mentor.VisitModule@764faa6]" started-at="2024-08-06T14:51:39 IST" name="visitStatus" finished-at="2024-08-06T14:51:48 IST" duration-ms="9211" status="PASS">
          <reporter-output>
          </reporter-output>
        </test-method> <!-- visitStatus -->
        <test-method signature="search1()[pri:0, instance:mentor.VisitModule@764faa6]" started-at="2024-08-06T14:51:48 IST" name="search1" finished-at="2024-08-06T14:51:53 IST" duration-ms="4200" status="PASS">
          <reporter-output>
          </reporter-output>
        </test-method> <!-- search1 -->
        <test-method signature="download1()[pri:0, instance:mentor.VisitModule@764faa6]" started-at="2024-08-06T14:51:53 IST" name="download1" finished-at="2024-08-06T14:51:58 IST" duration-ms="5786" status="PASS">
          <reporter-output>
          </reporter-output>
        </test-method> <!-- download1 -->
      </class> <!-- mentor.VisitModule -->
      <class name="mentor.Archieve">
        <test-method signature="achievelist()[pri:0, instance:mentor.Archieve@7ae42ce3]" started-at="2024-08-06T14:56:08 IST" name="achievelist" finished-at="2024-08-06T14:56:12 IST" duration-ms="4228" status="PASS">
          <reporter-output>
          </reporter-output>
        </test-method> <!-- achievelist -->
      </class> <!-- mentor.Archieve -->
      <class name="mentor.Ashaworker">
        <test-method signature="launch()[pri:0, instance:mentor.Ashaworker@4c1f22f3]" started-at="2024-08-06T14:51:58 IST" name="launch" finished-at="2024-08-06T14:52:03 IST" duration-ms="4490" status="PASS">
          <reporter-output>
          </reporter-output>
        </test-method> <!-- launch -->
        <test-method signature="error()[pri:0, instance:mentor.Ashaworker@4c1f22f3]" started-at="2024-08-06T14:52:03 IST" name="error" finished-at="2024-08-06T14:52:09 IST" duration-ms="6344" status="PASS">
          <reporter-output>
          </reporter-output>
        </test-method> <!-- error -->
        <test-method signature="add()[pri:0, instance:mentor.Ashaworker@4c1f22f3]" started-at="2024-08-06T14:52:09 IST" name="add" finished-at="2024-08-06T14:52:20 IST" duration-ms="10743" status="PASS">
          <reporter-output>
          </reporter-output>
        </test-method> <!-- add -->
        <test-method signature="cancel()[pri:0, instance:mentor.Ashaworker@4c1f22f3]" started-at="2024-08-06T14:52:20 IST" name="cancel" finished-at="2024-08-06T14:52:31 IST" duration-ms="11303" status="PASS">
          <reporter-output>
          </reporter-output>
        </test-method> <!-- cancel -->
        <test-method signature="save()[pri:0, instance:mentor.Ashaworker@4c1f22f3]" started-at="2024-08-06T14:52:31 IST" name="save" finished-at="2024-08-06T14:52:40 IST" duration-ms="8610" status="PASS">
          <reporter-output>
          </reporter-output>
        </test-method> <!-- save -->
        <test-method signature="success()[pri:0, instance:mentor.Ashaworker@4c1f22f3]" started-at="2024-08-06T14:52:40 IST" name="success" finished-at="2024-08-06T14:52:49 IST" duration-ms="9167" status="PASS">
          <reporter-output>
          </reporter-output>
        </test-method> <!-- success -->
        <test-method signature="edit()[pri:0, instance:mentor.Ashaworker@4c1f22f3]" started-at="2024-08-06T14:52:49 IST" name="edit" finished-at="2024-08-06T14:53:36 IST" duration-ms="46782" status="PASS">
          <reporter-output>
          </reporter-output>
        </test-method> <!-- edit -->
        <test-method signature="delete()[pri:0, instance:mentor.Ashaworker@4c1f22f3]" started-at="2024-08-06T14:53:36 IST" name="delete" finished-at="2024-08-06T14:53:43 IST" duration-ms="7189" status="PASS">
          <reporter-output>
          </reporter-output>
        </test-method> <!-- delete -->
        <test-method signature="totalashaworker()[pri:0, instance:mentor.Ashaworker@4c1f22f3]" started-at="2024-08-06T14:53:43 IST" name="totalashaworker" finished-at="2024-08-06T14:53:43 IST" duration-ms="206" status="PASS">
          <reporter-output>
          </reporter-output>
        </test-method> <!-- totalashaworker -->
      </class> <!-- mentor.Ashaworker -->
      <class name="mentor.StudentModule">
        <test-method signature="clickstudent()[pri:0, instance:mentor.StudentModule@64bce832]" started-at="2024-08-06T14:49:21 IST" name="clickstudent" finished-at="2024-08-06T14:49:25 IST" duration-ms="4332" status="PASS">
          <reporter-output>
          </reporter-output>
        </test-method> <!-- clickstudent -->
        <test-method signature="addsubmit()[pri:0, instance:mentor.StudentModule@64bce832]" started-at="2024-08-06T14:49:25 IST" name="addsubmit" finished-at="2024-08-06T14:49:38 IST" duration-ms="13156" status="PASS">
          <reporter-output>
          </reporter-output>
        </test-method> <!-- addsubmit -->
        <test-method signature="addcancel()[pri:0, instance:mentor.StudentModule@64bce832]" started-at="2024-08-06T14:49:38 IST" name="addcancel" finished-at="2024-08-06T14:49:45 IST" duration-ms="6890" status="PASS">
          <reporter-output>
          </reporter-output>
        </test-method> <!-- addcancel -->
        <test-method signature="editsubmit()[pri:0, instance:mentor.StudentModule@64bce832]" started-at="2024-08-06T14:49:45 IST" name="editsubmit" finished-at="2024-08-06T14:49:52 IST" duration-ms="7306" status="PASS">
          <reporter-output>
          </reporter-output>
        </test-method> <!-- editsubmit -->
        <test-method signature="editcancel()[pri:0, instance:mentor.StudentModule@64bce832]" started-at="2024-08-06T14:49:52 IST" name="editcancel" finished-at="2024-08-06T14:50:02 IST" duration-ms="9659" status="PASS">
          <reporter-output>
          </reporter-output>
        </test-method> <!-- editcancel -->
        <test-method signature="UpdateProficiency()[pri:0, instance:mentor.StudentModule@64bce832]" started-at="2024-08-06T14:50:02 IST" name="UpdateProficiency" finished-at="2024-08-06T14:50:08 IST" duration-ms="6332" status="PASS">
          <reporter-output>
          </reporter-output>
        </test-method> <!-- UpdateProficiency -->
        <test-method signature="CancelProficiency()[pri:0, instance:mentor.StudentModule@64bce832]" started-at="2024-08-06T14:50:08 IST" name="CancelProficiency" finished-at="2024-08-06T14:50:21 IST" duration-ms="12987" status="PASS">
          <reporter-output>
          </reporter-output>
        </test-method> <!-- CancelProficiency -->
        <test-method signature="Uploadsubmit()[pri:0, instance:mentor.StudentModule@64bce832]" started-at="2024-08-06T14:50:21 IST" name="Uploadsubmit" finished-at="2024-08-06T14:50:30 IST" duration-ms="8866" status="PASS">
          <reporter-output>
          </reporter-output>
        </test-method> <!-- Uploadsubmit -->
        <test-method signature="Uploadcancel()[pri:0, instance:mentor.StudentModule@64bce832]" started-at="2024-08-06T14:50:30 IST" name="Uploadcancel" finished-at="2024-08-06T14:50:39 IST" duration-ms="9241" status="PASS">
          <reporter-output>
          </reporter-output>
        </test-method> <!-- Uploadcancel -->
        <test-method signature="archievestudent()[pri:0, instance:mentor.StudentModule@64bce832]" started-at="2024-08-06T14:50:39 IST" name="archievestudent" finished-at="2024-08-06T14:50:44 IST" duration-ms="4228" status="PASS">
          <reporter-output>
          </reporter-output>
        </test-method> <!-- archievestudent -->
        <test-method signature="proficiencyfilter()[pri:0, instance:mentor.StudentModule@64bce832]" started-at="2024-08-06T14:50:44 IST" name="proficiencyfilter" finished-at="2024-08-06T14:50:44 IST" duration-ms="498" status="PASS">
          <reporter-output>
          </reporter-output>
        </test-method> <!-- proficiencyfilter -->
        <test-method signature="search()[pri:0, instance:mentor.StudentModule@64bce832]" started-at="2024-08-06T14:50:44 IST" name="search" finished-at="2024-08-06T14:50:44 IST" duration-ms="131" status="PASS">
          <reporter-output>
          </reporter-output>
        </test-method> <!-- search -->
      </class> <!-- mentor.StudentModule -->
      <class name="mentor.MorbidityModule">
        <test-method signature="clickmorbidity()[pri:0, instance:mentor.MorbidityModule@5a755cc1]" started-at="2024-08-06T14:55:02 IST" name="clickmorbidity" finished-at="2024-08-06T14:55:06 IST" duration-ms="4177" status="PASS">
          <reporter-output>
          </reporter-output>
        </test-method> <!-- clickmorbidity -->
        <test-method signature="clickview()[pri:0, instance:mentor.MorbidityModule@5a755cc1]" started-at="2024-08-06T14:55:06 IST" name="clickview" finished-at="2024-08-06T14:55:35 IST" duration-ms="28693" status="PASS">
          <reporter-output>
          </reporter-output>
        </test-method> <!-- clickview -->
        <test-method signature="totalmember()[pri:0, instance:mentor.MorbidityModule@5a755cc1]" started-at="2024-08-06T14:55:35 IST" name="totalmember" finished-at="2024-08-06T14:55:57 IST" duration-ms="22255" status="PASS">
          <reporter-output>
          </reporter-output>
        </test-method> <!-- totalmember -->
        <test-method signature="download()[pri:0, instance:mentor.MorbidityModule@5a755cc1]" started-at="2024-08-06T14:55:57 IST" name="download" finished-at="2024-08-06T14:56:04 IST" duration-ms="6648" status="PASS">
          <reporter-output>
          </reporter-output>
        </test-method> <!-- download -->
        <test-method signature="area()[pri:0, instance:mentor.MorbidityModule@5a755cc1]" started-at="2024-08-06T14:56:04 IST" name="area" finished-at="2024-08-06T14:56:06 IST" duration-ms="2208" status="PASS">
          <reporter-output>
          </reporter-output>
        </test-method> <!-- area -->
        <test-method signature="proficiency()[pri:0, instance:mentor.MorbidityModule@5a755cc1]" started-at="2024-08-06T14:56:06 IST" name="proficiency" finished-at="2024-08-06T14:56:06 IST" duration-ms="236" status="PASS">
          <reporter-output>
          </reporter-output>
        </test-method> <!-- proficiency -->
        <test-method signature="Visit()[pri:0, instance:mentor.MorbidityModule@5a755cc1]" started-at="2024-08-06T14:56:06 IST" name="Visit" finished-at="2024-08-06T14:56:08 IST" duration-ms="2149" status="PASS">
          <reporter-output>
          </reporter-output>
        </test-method> <!-- Visit -->
        <test-method signature="search()[pri:0, instance:mentor.MorbidityModule@5a755cc1]" started-at="2024-08-06T14:56:08 IST" name="search" finished-at="2024-08-06T14:56:08 IST" duration-ms="165" status="PASS">
          <reporter-output>
          </reporter-output>
        </test-method> <!-- search -->
      </class> <!-- mentor.MorbidityModule -->
      <class name="mentor.DashBoard">
        <test-method is-config="true" signature="sTime()[pri:0, instance:mentor.DashBoard@1c33c17b]" started-at="2024-08-06T14:44:22 IST" name="sTime" finished-at="2024-08-06T14:44:22 IST" duration-ms="3" status="PASS">
          <reporter-output>
          </reporter-output>
        </test-method> <!-- sTime -->
        <test-method is-config="true" signature="initializedriver()[pri:0, instance:mentor.DashBoard@1c33c17b]" started-at="2024-08-06T14:44:22 IST" name="initializedriver" finished-at="2024-08-06T14:44:30 IST" duration-ms="8557" status="PASS">
          <reporter-output>
          </reporter-output>
        </test-method> <!-- initializedriver -->
        <test-method signature="clickDashboard()[pri:0, instance:mentor.DashBoard@1c33c17b]" started-at="2024-08-06T14:44:30 IST" name="clickDashboard" finished-at="2024-08-06T14:44:47 IST" duration-ms="16718" status="PASS">
          <reporter-output>
          </reporter-output>
        </test-method> <!-- clickDashboard -->
        <test-method signature="clickall()[pri:0, instance:mentor.DashBoard@1c33c17b]" started-at="2024-08-06T14:44:47 IST" name="clickall" finished-at="2024-08-06T14:45:14 IST" duration-ms="27565" status="PASS">
          <reporter-output>
          </reporter-output>
        </test-method> <!-- clickall -->
        <test-method signature="clickvisit()[pri:0, instance:mentor.DashBoard@1c33c17b]" started-at="2024-08-06T14:45:15 IST" name="clickvisit" finished-at="2024-08-06T14:45:23 IST" duration-ms="8724" status="PASS">
          <reporter-output>
          </reporter-output>
        </test-method> <!-- clickvisit -->
        <test-method signature="Edit()[pri:0, instance:mentor.DashBoard@1c33c17b]" started-at="2024-08-06T14:45:23 IST" name="Edit" finished-at="2024-08-06T14:45:37 IST" duration-ms="13685" status="PASS">
          <reporter-output>
          </reporter-output>
        </test-method> <!-- Edit -->
        <test-method signature="back()[pri:0, instance:mentor.DashBoard@1c33c17b]" started-at="2024-08-06T14:45:37 IST" name="back" finished-at="2024-08-06T14:45:38 IST" duration-ms="695" status="PASS">
          <reporter-output>
          </reporter-output>
        </test-method> <!-- back -->
        <test-method is-config="true" signature="eTime()[pri:0, instance:mentor.DashBoard@1c33c17b]" started-at="2024-08-06T14:57:11 IST" name="eTime" finished-at="2024-08-06T14:57:11 IST" duration-ms="0" status="PASS">
          <reporter-output>
          </reporter-output>
        </test-method> <!-- eTime -->
      </class> <!-- mentor.DashBoard -->
      <class name="mentor.Resubmission">
        <test-method signature="move()[pri:0, instance:mentor.Resubmission@77128536]" started-at="2024-08-06T14:45:38 IST" name="move" finished-at="2024-08-06T14:45:42 IST" duration-ms="4265" status="PASS">
          <reporter-output>
          </reporter-output>
        </test-method> <!-- move -->
        <test-method signature="clickall()[pri:0, instance:mentor.Resubmission@77128536]" started-at="2024-08-06T14:45:42 IST" name="clickall" finished-at="2024-08-06T14:45:49 IST" duration-ms="7044" status="PASS">
          <reporter-output>
          </reporter-output>
        </test-method> <!-- clickall -->
        <test-method signature="sub()[pri:0, instance:mentor.Resubmission@77128536]" started-at="2024-08-06T14:45:49 IST" name="sub" finished-at="2024-08-06T14:46:07 IST" duration-ms="18107" status="PASS">
          <reporter-output>
          </reporter-output>
        </test-method> <!-- sub -->
        <test-method signature="visit()[pri:0, instance:mentor.Resubmission@77128536]" started-at="2024-08-06T14:46:07 IST" name="visit" finished-at="2024-08-06T14:46:16 IST" duration-ms="9103" status="PASS">
          <reporter-output>
          </reporter-output>
        </test-method> <!-- visit -->
        <test-method signature="locate()[pri:0, instance:mentor.Resubmission@77128536]" started-at="2024-08-06T14:46:16 IST" name="locate" finished-at="2024-08-06T14:46:32 IST" duration-ms="15385" status="PASS">
          <reporter-output>
          </reporter-output>
        </test-method> <!-- locate -->
        <test-method signature="proficiency()[pri:0, instance:mentor.Resubmission@77128536]" started-at="2024-08-06T14:46:32 IST" name="proficiency" finished-at="2024-08-06T14:46:38 IST" duration-ms="6222" status="PASS">
          <reporter-output>
          </reporter-output>
        </test-method> <!-- proficiency -->
      </class> <!-- mentor.Resubmission -->
      <class name="mentor.Profile">
        <test-method signature="clickprofile()[pri:0, instance:mentor.Profile@63fbfaeb]" started-at="2024-08-06T14:57:06 IST" name="clickprofile" finished-at="2024-08-06T14:57:09 IST" duration-ms="3695" status="PASS">
          <reporter-output>
          </reporter-output>
        </test-method> <!-- clickprofile -->
      </class> <!-- mentor.Profile -->
      <class name="mentor.Family">
        <test-method signature="clickfamily()[pri:0, instance:mentor.Family@58326051]" started-at="2024-08-06T14:46:38 IST" name="clickfamily" finished-at="2024-08-06T14:46:42 IST" duration-ms="4190" status="PASS">
          <reporter-output>
          </reporter-output>
        </test-method> <!-- clickfamily -->
        <test-method signature="viewclick()[pri:0, instance:mentor.Family@58326051]" started-at="2024-08-06T14:46:42 IST" name="viewclick" finished-at="2024-08-06T14:47:04 IST" duration-ms="22054" status="FAIL">
          <exception class="org.openqa.selenium.NoSuchElementException">
            <message>
              <![CDATA[no such element: Unable to locate element: {"method":"xpath","selector":"//div[text()='4598']/following::div/div"}
  (Session info: chrome=127.0.6533.89)
For documentation on this error, please visit: https://www.selenium.dev/documentation/webdriver/troubleshooting/errors#no-such-element-exception
Build info: version: '4.22.0', revision: 'c5f3146703*'
System info: os.name: 'Windows 10', os.arch: 'amd64', os.version: '10.0', java.version: '16.0.1'
Driver info: org.openqa.selenium.chrome.ChromeDriver
Command: [1a173b9c7dab2636af49f9238cbe79f3, findElement {using=xpath, value=//div[text()='4598']/following::div/div}]
Capabilities {acceptInsecureCerts: false, browserName: chrome, browserVersion: 127.0.6533.89, chrome: {chromedriverVersion: 127.0.6533.88 (a2d0cb026721..., userDataDir: C:\Users\tamil\AppData\Loca...}, fedcm:accounts: true, goog:chromeOptions: {debuggerAddress: localhost:54753}, networkConnectionEnabled: false, pageLoadStrategy: normal, platformName: windows, proxy: Proxy(), se:cdp: ws://localhost:54753/devtoo..., se:cdpVersion: 127.0.6533.89, setWindowRect: true, strictFileInteractability: false, timeouts: {implicit: 0, pageLoad: 300000, script: 30000}, unhandledPromptBehavior: dismiss and notify, webauthn:extension:credBlob: true, webauthn:extension:largeBlob: true, webauthn:extension:minPinLength: true, webauthn:extension:prf: true, webauthn:virtualAuthenticators: true}
Session ID: 1a173b9c7dab2636af49f9238cbe79f3]]>
            </message>
            <full-stacktrace>
              <![CDATA[org.openqa.selenium.NoSuchElementException: no such element: Unable to locate element: {"method":"xpath","selector":"//div[text()='4598']/following::div/div"}
  (Session info: chrome=127.0.6533.89)
For documentation on this error, please visit: https://www.selenium.dev/documentation/webdriver/troubleshooting/errors#no-such-element-exception
Build info: version: '4.22.0', revision: 'c5f3146703*'
System info: os.name: 'Windows 10', os.arch: 'amd64', os.version: '10.0', java.version: '16.0.1'
Driver info: org.openqa.selenium.chrome.ChromeDriver
Command: [1a173b9c7dab2636af49f9238cbe79f3, findElement {using=xpath, value=//div[text()='4598']/following::div/div}]
Capabilities {acceptInsecureCerts: false, browserName: chrome, browserVersion: 127.0.6533.89, chrome: {chromedriverVersion: 127.0.6533.88 (a2d0cb026721..., userDataDir: C:\Users\tamil\AppData\Loca...}, fedcm:accounts: true, goog:chromeOptions: {debuggerAddress: localhost:54753}, networkConnectionEnabled: false, pageLoadStrategy: normal, platformName: windows, proxy: Proxy(), se:cdp: ws://localhost:54753/devtoo..., se:cdpVersion: 127.0.6533.89, setWindowRect: true, strictFileInteractability: false, timeouts: {implicit: 0, pageLoad: 300000, script: 30000}, unhandledPromptBehavior: dismiss and notify, webauthn:extension:credBlob: true, webauthn:extension:largeBlob: true, webauthn:extension:minPinLength: true, webauthn:extension:prf: true, webauthn:virtualAuthenticators: true}
Session ID: 1a173b9c7dab2636af49f9238cbe79f3
at java.base/jdk.internal.reflect.NativeConstructorAccessorImpl.newInstance0(Native Method)
at java.base/jdk.internal.reflect.NativeConstructorAccessorImpl.newInstance(NativeConstructorAccessorImpl.java:78)
at java.base/jdk.internal.reflect.DelegatingConstructorAccessorImpl.newInstance(DelegatingConstructorAccessorImpl.java:45)
at java.base/java.lang.reflect.Constructor.newInstanceWithCaller(Constructor.java:499)
at java.base/java.lang.reflect.Constructor.newInstance(Constructor.java:480)
at org.openqa.selenium.remote.ErrorCodec.decode(ErrorCodec.java:167)
at org.openqa.selenium.remote.codec.w3c.W3CHttpResponseCodec.decode(W3CHttpResponseCodec.java:138)
at org.openqa.selenium.remote.codec.w3c.W3CHttpResponseCodec.decode(W3CHttpResponseCodec.java:50)
at org.openqa.selenium.remote.HttpCommandExecutor.execute(HttpCommandExecutor.java:190)
at org.openqa.selenium.remote.service.DriverCommandExecutor.invokeExecute(DriverCommandExecutor.java:216)
at org.openqa.selenium.remote.service.DriverCommandExecutor.execute(DriverCommandExecutor.java:174)
at org.openqa.selenium.remote.RemoteWebDriver.execute(RemoteWebDriver.java:518)
at org.openqa.selenium.remote.ElementLocation$ElementFinder$2.findElement(ElementLocation.java:165)
at org.openqa.selenium.remote.ElementLocation.findElement(ElementLocation.java:59)
at org.openqa.selenium.remote.RemoteWebDriver.findElement(RemoteWebDriver.java:355)
at org.openqa.selenium.remote.RemoteWebDriver.findElement(RemoteWebDriver.java:349)
at mentor.Family.viewclick(Family.java:31)
at java.base/jdk.internal.reflect.NativeMethodAccessorImpl.invoke0(Native Method)
at java.base/jdk.internal.reflect.NativeMethodAccessorImpl.invoke(NativeMethodAccessorImpl.java:78)
at java.base/jdk.internal.reflect.DelegatingMethodAccessorImpl.invoke(DelegatingMethodAccessorImpl.java:43)
at java.base/java.lang.reflect.Method.invoke(Method.java:567)
at org.testng.internal.MethodInvocationHelper.invokeMethod(MethodInvocationHelper.java:133)
at org.testng.internal.TestInvoker.invokeMethod(TestInvoker.java:598)
at org.testng.internal.TestInvoker.invokeTestMethod(TestInvoker.java:173)
at org.testng.internal.MethodRunner.runInSequence(MethodRunner.java:46)
at org.testng.internal.TestInvoker$MethodInvocationAgent.invoke(TestInvoker.java:824)
at org.testng.internal.TestInvoker.invokeTestMethods(TestInvoker.java:146)
at org.testng.internal.TestMethodWorker.invokeTestMethods(TestMethodWorker.java:146)
at org.testng.internal.TestMethodWorker.run(TestMethodWorker.java:128)
at java.base/java.util.ArrayList.forEach(ArrayList.java:1511)
at org.testng.TestRunner.privateRun(TestRunner.java:794)
at org.testng.TestRunner.run(TestRunner.java:596)
at org.testng.SuiteRunner.runTest(SuiteRunner.java:377)
at org.testng.SuiteRunner.runSequentially(SuiteRunner.java:371)
at org.testng.SuiteRunner.privateRun(SuiteRunner.java:332)
at org.testng.SuiteRunner.run(SuiteRunner.java:276)
at org.testng.SuiteRunnerWorker.runSuite(SuiteRunnerWorker.java:53)
at org.testng.SuiteRunnerWorker.run(SuiteRunnerWorker.java:96)
at org.testng.TestNG.runSuitesSequentially(TestNG.java:1212)
at org.testng.TestNG.runSuitesLocally(TestNG.java:1134)
at org.testng.TestNG.runSuites(TestNG.java:1063)
at org.testng.TestNG.run(TestNG.java:1031)
at org.testng.remote.AbstractRemoteTestNG.run(AbstractRemoteTestNG.java:115)
at org.testng.remote.RemoteTestNG.initAndRun(RemoteTestNG.java:251)
at org.testng.remote.RemoteTestNG.main(RemoteTestNG.java:77)
]]>
            </full-stacktrace>
          </exception> <!-- org.openqa.selenium.NoSuchElementException -->
          <reporter-output>
          </reporter-output>
        </test-method> <!-- viewclick -->
        <test-method signature="Transferclose()[pri:0, instance:mentor.Family@58326051]" started-at="2024-08-06T14:47:04 IST" name="Transferclose" finished-at="2024-08-06T14:47:27 IST" duration-ms="22921" status="PASS">
          <reporter-output>
          </reporter-output>
        </test-method> <!-- Transferclose -->
        <test-method signature="Transfersubmit()[pri:0, instance:mentor.Family@58326051]" started-at="2024-08-06T14:47:27 IST" name="Transfersubmit" finished-at="2024-08-06T14:47:34 IST" duration-ms="7004" status="PASS">
          <reporter-output>
          </reporter-output>
        </test-method> <!-- Transfersubmit -->
        <test-method signature="area()[pri:0, instance:mentor.Family@58326051]" started-at="2024-08-06T14:47:34 IST" name="area" finished-at="2024-08-06T14:47:55 IST" duration-ms="20466" status="PASS">
          <reporter-output>
          </reporter-output>
        </test-method> <!-- area -->
        <test-method signature="studentclick()[pri:0, instance:mentor.Family@58326051]" started-at="2024-08-06T14:47:55 IST" name="studentclick" finished-at="2024-08-06T14:47:55 IST" duration-ms="372" status="PASS">
          <reporter-output>
          </reporter-output>
        </test-method> <!-- studentclick -->
        <test-method signature="proficiencyclick()[pri:0, instance:mentor.Family@58326051]" started-at="2024-08-06T14:47:55 IST" name="proficiencyclick" finished-at="2024-08-06T14:47:55 IST" duration-ms="286" status="PASS">
          <reporter-output>
          </reporter-output>
        </test-method> <!-- proficiencyclick -->
        <test-method signature="search()[pri:0, instance:mentor.Family@58326051]" started-at="2024-08-06T14:47:55 IST" name="search" finished-at="2024-08-06T14:47:56 IST" duration-ms="174" status="PASS">
          <reporter-output>
          </reporter-output>
        </test-method> <!-- search -->
      </class> <!-- mentor.Family -->
      <class name="mentor.Treatment">
        <test-method signature="treat()[pri:0, instance:mentor.Treatment@598bd2ba]" started-at="2024-08-06T14:53:43 IST" name="treat" finished-at="2024-08-06T14:53:59 IST" duration-ms="15492" status="PASS">
          <reporter-output>
          </reporter-output>
        </test-method> <!-- treat -->
        <test-method signature="print()[pri:0, instance:mentor.Treatment@598bd2ba]" started-at="2024-08-06T14:53:59 IST" name="print" finished-at="2024-08-06T14:54:34 IST" duration-ms="35166" status="PASS">
          <reporter-output>
          </reporter-output>
        </test-method> <!-- print -->
        <test-method signature="search()[pri:0, instance:mentor.Treatment@598bd2ba]" started-at="2024-08-06T14:54:34 IST" name="search" finished-at="2024-08-06T14:55:02 IST" duration-ms="27789" status="PASS">
          <reporter-output>
          </reporter-output>
        </test-method> <!-- search -->
        <test-method signature="download()[pri:0, instance:mentor.Treatment@598bd2ba]" started-at="2024-08-06T14:55:02 IST" name="download" finished-at="2024-08-06T14:55:02 IST" duration-ms="94" status="PASS">
          <reporter-output>
          </reporter-output>
        </test-method> <!-- download -->
      </class> <!-- mentor.Treatment -->
      <class name="mentor.Report">
        <test-method signature="action()[pri:0, instance:mentor.Report@38234a38]" started-at="2024-08-06T14:56:12 IST" name="action" finished-at="2024-08-06T14:56:16 IST" duration-ms="3365" status="PASS">
          <reporter-output>
          </reporter-output>
        </test-method> <!-- action -->
        <test-method signature="fromDate()[pri:0, instance:mentor.Report@38234a38]" started-at="2024-08-06T14:56:16 IST" name="fromDate" finished-at="2024-08-06T14:56:31 IST" duration-ms="15617" status="PASS">
          <reporter-output>
          </reporter-output>
        </test-method> <!-- fromDate -->
        <test-method signature="toDate()[pri:0, instance:mentor.Report@38234a38]" started-at="2024-08-06T14:56:31 IST" name="toDate" finished-at="2024-08-06T14:56:47 IST" duration-ms="15528" status="PASS">
          <reporter-output>
          </reporter-output>
        </test-method> <!-- toDate -->
        <test-method signature="report()[pri:0, instance:mentor.Report@38234a38]" started-at="2024-08-06T14:56:47 IST" name="report" finished-at="2024-08-06T14:56:56 IST" duration-ms="9238" status="PASS">
          <reporter-output>
          </reporter-output>
        </test-method> <!-- report -->
        <test-method signature="download()[pri:0, instance:mentor.Report@38234a38]" started-at="2024-08-06T14:56:56 IST" name="download" finished-at="2024-08-06T14:56:59 IST" duration-ms="3204" status="PASS">
          <reporter-output>
          </reporter-output>
        </test-method> <!-- download -->
        <test-method signature="error1()[pri:0, instance:mentor.Report@38234a38]" started-at="2024-08-06T14:56:59 IST" name="error1" finished-at="2024-08-06T14:57:06 IST" depends-on-methods="mentor.Report.download" duration-ms="6293" status="PASS">
          <reporter-output>
          </reporter-output>
        </test-method> <!-- error1 -->
      </class> <!-- mentor.Report -->
    </test> <!-- Test -->
  </suite> <!-- Suite -->
</testng-results>
